[{"line":1,"elements":[{"start_timestamp":"2024-09-03T04:52:39.870Z","before":[{"result":{"duration":2998000,"status":"passed"},"match":{"location":"hook.Hook.before()"}}],"line":3,"name":"Validate shopper can login using valid credentials","description":"","id":"shopperstacklogin;validate-shopper-can-login-using-valid-credentials","after":[{"result":{"status":"passed"},"match":{"location":"hook.Hook.after()"}}],"type":"scenario","keyword":"Scenario","steps":[{"result":{"duration":10060322400,"status":"passed"},"line":5,"name":"Browser is open and URL navigated","match":{"location":"stepDefinition.SSLogin.browser_is_open_and_url_navigated()"},"keyword":"Given "},{"result":{"error_message":"org.openqa.selenium.ElementClickInterceptedException: element click intercepted: Element <button id=\"loginBtn\" name=\"loginBtn\" class=\"navbar_...button__O9-64\">Login</button> is not clickable at point (1315, 33). Other element would receive the click: <div aria-hidden=\"true\" class=\"MuiBackdrop-root css-ltl3a3\" style=\"opacity: 1; transition: opacity 225ms cubic-bezier(0.4, 0, 0.2, 1);\">...</div>\n  (Session info: chrome=128.0.6613.114)\nBuild info: version: '4.12.0', revision: '249f2a7d1b*'\nSystem info: os.name: 'Windows 11', os.arch: 'amd64', os.version: '10.0', java.version: '21.0.1'\nDriver info: org.openqa.selenium.chrome.ChromeDriver\nCommand: [0986386a34560f2cffcb4417280b888e, clickElement {id=f.22E4046C0C22ACD3F29EB3BA30A28506.d.2F3AC61A1E18DA1265D064F18B898DEE.e.4}]\nCapabilities {acceptInsecureCerts: false, browserName: chrome, browserVersion: 128.0.6613.114, chrome: {chromedriverVersion: 128.0.6613.119 (6e439cfca4d..., userDataDir: C:\\Users\\RAGHAV~1\\AppData\\L...}, fedcm:accounts: true, goog:chromeOptions: {debuggerAddress: localhost:63431}, networkConnectionEnabled: false, pageLoadStrategy: normal, platformName: windows, proxy: Proxy(), se:cdp: ws://localhost:63431/devtoo..., se:cdpVersion: 128.0.6613.114, setWindowRect: true, strictFileInteractability: false, timeouts: {implicit: 0, pageLoad: 300000, script: 30000}, unhandledPromptBehavior: dismiss and notify, webauthn:extension:credBlob: true, webauthn:extension:largeBlob: true, webauthn:extension:minPinLength: true, webauthn:extension:prf: true, webauthn:virtualAuthenticators: true}\nElement: [[ChromeDriver: chrome on windows (0986386a34560f2cffcb4417280b888e)] -> id: loginBtn]\nSession ID: 0986386a34560f2cffcb4417280b888e\r\n\tat java.base/jdk.internal.reflect.DirectConstructorHandleAccessor.newInstance(DirectConstructorHandleAccessor.java:62)\r\n\tat java.base/java.lang.reflect.Constructor.newInstanceWithCaller(Constructor.java:502)\r\n\tat java.base/java.lang.reflect.Constructor.newInstance(Constructor.java:486)\r\n\tat org.openqa.selenium.remote.codec.w3c.W3CHttpResponseCodec.createException(W3CHttpResponseCodec.java:200)\r\n\tat org.openqa.selenium.remote.codec.w3c.W3CHttpResponseCodec.decode(W3CHttpResponseCodec.java:133)\r\n\tat org.openqa.selenium.remote.codec.w3c.W3CHttpResponseCodec.decode(W3CHttpResponseCodec.java:52)\r\n\tat org.openqa.selenium.remote.HttpCommandExecutor.execute(HttpCommandExecutor.java:191)\r\n\tat org.openqa.selenium.remote.service.DriverCommandExecutor.invokeExecute(DriverCommandExecutor.java:196)\r\n\tat org.openqa.selenium.remote.service.DriverCommandExecutor.execute(DriverCommandExecutor.java:171)\r\n\tat org.openqa.selenium.remote.RemoteWebDriver.execute(RemoteWebDriver.java:602)\r\n\tat org.openqa.selenium.remote.RemoteWebElement.execute(RemoteWebElement.java:224)\r\n\tat org.openqa.selenium.remote.RemoteWebElement.click(RemoteWebElement.java:77)\r\n\tat stepDefinition.SSLogin.login_page_will_be_displayed(SSLogin.java:26)\r\n\tat ✽.Login page will be displayed(file:///C:/Users/RAGHAVAMMA/Git/repository4/BDDFramework/./src/test/java/features/SSLogin.feature:6)\r\n","duration":6374380600,"status":"failed"},"line":6,"name":"Login page will be displayed","match":{"location":"stepDefinition.SSLogin.login_page_will_be_displayed()"},"keyword":"And "},{"result":{"status":"skipped"},"line":7,"name":"Shopper Login is Displayed","match":{"location":"stepDefinition.SSLogin.shopper_login_is_displayed()"},"keyword":"And "},{"result":{"status":"skipped"},"line":8,"name":"User enters \"qa_testmerchantdell@gmail.com\" and \"Password@123\"","match":{"arguments":[{"val":"\"qa_testmerchantdell@gmail.com\"","offset":12},{"val":"\"Password@123\"","offset":48}],"location":"stepDefinition.SSLogin.user_enters_and(java.lang.String,java.lang.String)"},"keyword":"When "},{"result":{"status":"skipped"},"line":9,"name":"clicks on login button","match":{"location":"stepDefinition.SSLogin.clicks_on_login_button()"},"keyword":"And "},{"result":{"status":"skipped"},"line":10,"name":"shopper should be successfully logged in","match":{"location":"stepDefinition.SSLogin.shopper_should_be_successfully_logged_in()"},"keyword":"Then "},{"result":{"status":"skipped"},"line":11,"name":"Browser must be closed","match":{"location":"stepDefinition.SSLogin.browser_must_be_closed()"},"keyword":"And "}],"tags":[{"name":"@Smoke"},{"name":"@Regression"}]},{"start_timestamp":"2024-09-03T04:52:56.368Z","before":[{"result":{"duration":999100,"status":"passed"},"match":{"location":"hook.Hook.before()"}}],"line":14,"name":"Validate Merchant can login using valid credentials","description":"","id":"shopperstacklogin;validate-merchant-can-login-using-valid-credentials","after":[{"result":{"status":"passed"},"match":{"location":"hook.Hook.after()"}}],"type":"scenario","keyword":"Scenario","steps":[{"result":{"duration":6954659700,"status":"passed"},"line":16,"name":"Browser is open and URL navigated","match":{"location":"stepDefinition.SSLogin.browser_is_open_and_url_navigated()"},"keyword":"Given "},{"result":{"duration":5919771800,"status":"passed"},"line":17,"name":"Login page will be displayed","match":{"location":"stepDefinition.SSLogin.login_page_will_be_displayed()"},"keyword":"And "},{"result":{"duration":994300,"status":"passed"},"line":18,"name":"Merchant Login is Displayed","match":{"location":"stepDefinition.SSLogin.merchant_login_is_displayed()"},"keyword":"And "},{"result":{"duration":591897700,"status":"passed"},"line":19,"name":"User enters \"qa_merchantlogin@gmail.com\" and \"Password@123\"","match":{"arguments":[{"val":"\"qa_merchantlogin@gmail.com\"","offset":12},{"val":"\"Password@123\"","offset":45}],"location":"stepDefinition.SSLogin.user_enters_and(java.lang.String,java.lang.String)"},"keyword":"When "},{"result":{"status":"passed"},"line":20,"name":"clicks on  login button","match":{"location":"stepDefinition.SSLogin.clicks_on_login_button1()"},"keyword":"And "},{"result":{"duration":1001300,"status":"passed"},"line":21,"name":"Merchant should be successfully logged in","match":{"location":"stepDefinition.SSLogin.merchant_should_be_successfully_logged_in()"},"keyword":"Then "},{"result":{"duration":793459300,"status":"passed"},"line":22,"name":"Browser must be closed","match":{"location":"stepDefinition.SSLogin.browser_must_be_closed()"},"keyword":"And "}],"tags":[{"name":"@Smoke"},{"name":"@Regression"}]},{"start_timestamp":"2024-09-03T04:53:10.649Z","before":[{"result":{"status":"passed"},"match":{"location":"hook.Hook.before()"}}],"line":25,"name":"Validate Admin can login using valid credentials","description":"","id":"shopperstacklogin;validate-admin-can-login-using-valid-credentials","after":[{"result":{"status":"passed"},"match":{"location":"hook.Hook.after()"}}],"type":"scenario","keyword":"Scenario","steps":[{"result":{"duration":6212426600,"status":"passed"},"line":27,"name":"Browser is open and URL navigated","match":{"location":"stepDefinition.SSLogin.browser_is_open_and_url_navigated()"},"keyword":"Given "},{"result":{"duration":5744583700,"status":"passed"},"line":28,"name":"Login page will be displayed","match":{"location":"stepDefinition.SSLogin.login_page_will_be_displayed()"},"keyword":"And "},{"result":{"duration":250622000,"status":"passed"},"line":29,"name":"Admin Login is Displayed","match":{"location":"stepDefinition.SSLogin.admin_login_is_displayed()"},"keyword":"And "},{"result":{"duration":863130000,"status":"passed"},"line":30,"name":"User enters \"qa_testadmindell@gmail.com\" and \"Password@123\"","match":{"arguments":[{"val":"\"qa_testadmindell@gmail.com\"","offset":12},{"val":"\"Password@123\"","offset":45}],"location":"stepDefinition.SSLogin.user_enters_and(java.lang.String,java.lang.String)"},"keyword":"When "},{"result":{"status":"passed"},"line":31,"name":"clicks on  login button","match":{"location":"stepDefinition.SSLogin.clicks_on_login_button1()"},"keyword":"And "},{"result":{"error_message":"org.openqa.selenium.NoSuchElementException: no such element: Unable to locate element: {\"method\":\"xpath\",\"selector\":\"//button[text()='Approved Merchant']\"}\n  (Session info: chrome=128.0.6613.114)\nFor documentation on this error, please visit: https://www.selenium.dev/documentation/webdriver/troubleshooting/errors#no-such-element-exception\nBuild info: version: '4.12.0', revision: '249f2a7d1b*'\nSystem info: os.name: 'Windows 11', os.arch: 'amd64', os.version: '10.0', java.version: '21.0.1'\nDriver info: org.openqa.selenium.chrome.ChromeDriver\nCommand: [0c6ba64216a97ab55626deb718f0ba3f, findElement {using=xpath, value=//button[text()='Approved Merchant']}]\nCapabilities {acceptInsecureCerts: false, browserName: chrome, browserVersion: 128.0.6613.114, chrome: {chromedriverVersion: 128.0.6613.119 (6e439cfca4d..., userDataDir: C:\\Users\\RAGHAV~1\\AppData\\L...}, fedcm:accounts: true, goog:chromeOptions: {debuggerAddress: localhost:63502}, networkConnectionEnabled: false, pageLoadStrategy: normal, platformName: windows, proxy: Proxy(), se:cdp: ws://localhost:63502/devtoo..., se:cdpVersion: 128.0.6613.114, setWindowRect: true, strictFileInteractability: false, timeouts: {implicit: 0, pageLoad: 300000, script: 30000}, unhandledPromptBehavior: dismiss and notify, webauthn:extension:credBlob: true, webauthn:extension:largeBlob: true, webauthn:extension:minPinLength: true, webauthn:extension:prf: true, webauthn:virtualAuthenticators: true}\nSession ID: 0c6ba64216a97ab55626deb718f0ba3f\r\n\tat java.base/jdk.internal.reflect.DirectConstructorHandleAccessor.newInstance(DirectConstructorHandleAccessor.java:62)\r\n\tat java.base/java.lang.reflect.Constructor.newInstanceWithCaller(Constructor.java:502)\r\n\tat java.base/java.lang.reflect.Constructor.newInstance(Constructor.java:486)\r\n\tat org.openqa.selenium.remote.codec.w3c.W3CHttpResponseCodec.createException(W3CHttpResponseCodec.java:200)\r\n\tat org.openqa.selenium.remote.codec.w3c.W3CHttpResponseCodec.decode(W3CHttpResponseCodec.java:133)\r\n\tat org.openqa.selenium.remote.codec.w3c.W3CHttpResponseCodec.decode(W3CHttpResponseCodec.java:52)\r\n\tat org.openqa.selenium.remote.HttpCommandExecutor.execute(HttpCommandExecutor.java:191)\r\n\tat org.openqa.selenium.remote.service.DriverCommandExecutor.invokeExecute(DriverCommandExecutor.java:196)\r\n\tat org.openqa.selenium.remote.service.DriverCommandExecutor.execute(DriverCommandExecutor.java:171)\r\n\tat org.openqa.selenium.remote.RemoteWebDriver.execute(RemoteWebDriver.java:602)\r\n\tat org.openqa.selenium.remote.ElementLocation$ElementFinder$2.findElement(ElementLocation.java:165)\r\n\tat org.openqa.selenium.remote.ElementLocation.findElement(ElementLocation.java:59)\r\n\tat org.openqa.selenium.remote.RemoteWebDriver.findElement(RemoteWebDriver.java:359)\r\n\tat org.openqa.selenium.remote.RemoteWebDriver.findElement(RemoteWebDriver.java:353)\r\n\tat stepDefinition.SSLogin.admin_should_be_successfully_logged_in(SSLogin.java:77)\r\n\tat ✽.Admin should be successfully logged in(file:///C:/Users/RAGHAVAMMA/Git/repository4/BDDFramework/./src/test/java/features/SSLogin.feature:32)\r\n","duration":20051427000,"status":"failed"},"line":32,"name":"Admin should be successfully logged in","match":{"location":"stepDefinition.SSLogin.admin_should_be_successfully_logged_in()"},"keyword":"Then "},{"result":{"status":"skipped"},"line":33,"name":"Browser must be closed","match":{"location":"stepDefinition.SSLogin.browser_must_be_closed()"},"keyword":"And "}],"tags":[{"name":"@Regression"}]}],"name":"ShopperStackLogin","description":"","id":"shopperstacklogin","keyword":"Feature","uri":"file:src/test/java/features/SSLogin.feature","tags":[]},{"line":1,"elements":[{"start_timestamp":"2024-09-03T04:53:43.803Z","before":[{"result":{"status":"passed"},"match":{"location":"hook.Hook.before()"}}],"line":13,"name":"","description":" Validate when user enters text in search text field then search result \n must be displayed","id":"search;;;2","after":[{"result":{"status":"passed"},"match":{"location":"hook.Hook.after()"}}],"type":"scenario","keyword":"Scenario Outline","steps":[{"result":{"duration":7035525100,"status":"passed"},"line":8,"name":"Welcome page is displayed","match":{"location":"stepDefinition.Search.welcome_page_is_displayed()"},"keyword":"Given "},{"result":{"duration":1098946100,"status":"passed"},"line":9,"name":"user enters \"Computer\" in search text field","match":{"arguments":[{"val":"Computer","offset":13}],"location":"stepDefinition.Search.user_enters_in_search_text_field(java.lang.String)"},"keyword":"When "},{"result":{"duration":693268600,"status":"passed"},"line":10,"name":"Search results must be displayed","match":{"location":"stepDefinition.Search.search_results_must_be_displayed()"},"keyword":"Then "}],"tags":[{"name":"@Regression"}]},{"start_timestamp":"2024-09-03T04:53:52.640Z","before":[{"result":{"status":"passed"},"match":{"location":"hook.Hook.before()"}}],"line":14,"name":"","description":" Validate when user enters text in search text field then search result \n must be displayed","id":"search;;;3","after":[{"result":{"status":"passed"},"match":{"location":"hook.Hook.after()"}}],"type":"scenario","keyword":"Scenario Outline","steps":[{"result":{"duration":5778230700,"status":"passed"},"line":8,"name":"Welcome page is displayed","match":{"location":"stepDefinition.Search.welcome_page_is_displayed()"},"keyword":"Given "},{"result":{"duration":1035859600,"status":"passed"},"line":9,"name":"user enters \"Books\" in search text field","match":{"arguments":[{"val":"Books","offset":13}],"location":"stepDefinition.Search.user_enters_in_search_text_field(java.lang.String)"},"keyword":"When "},{"result":{"duration":924785900,"status":"passed"},"line":10,"name":"Search results must be displayed","match":{"location":"stepDefinition.Search.search_results_must_be_displayed()"},"keyword":"Then "}],"tags":[{"name":"@Regression"}]},{"start_timestamp":"2024-09-03T04:54:00.391Z","before":[{"result":{"status":"passed"},"match":{"location":"hook.Hook.before()"}}],"line":15,"name":"","description":" Validate when user enters text in search text field then search result \n must be displayed","id":"search;;;4","after":[{"result":{"duration":1008900,"status":"passed"},"match":{"location":"hook.Hook.after()"}}],"type":"scenario","keyword":"Scenario Outline","steps":[{"result":{"duration":5695690200,"status":"passed"},"line":8,"name":"Welcome page is displayed","match":{"location":"stepDefinition.Search.welcome_page_is_displayed()"},"keyword":"Given "},{"result":{"duration":972218600,"status":"passed"},"line":9,"name":"user enters \"10\" in search text field","match":{"arguments":[{"val":"10","offset":13}],"location":"stepDefinition.Search.user_enters_in_search_text_field(java.lang.String)"},"keyword":"When "},{"result":{"duration":885730800,"status":"passed"},"line":10,"name":"Search results must be displayed","match":{"location":"stepDefinition.Search.search_results_must_be_displayed()"},"keyword":"Then "}],"tags":[{"name":"@Regression"}]},{"start_timestamp":"2024-09-03T04:54:07.958Z","before":[{"result":{"duration":980100,"status":"passed"},"match":{"location":"hook.Hook.before()"}}],"line":16,"name":"","description":" Validate when user enters text in search text field then search result \n must be displayed","id":"search;;;5","after":[{"result":{"status":"passed"},"match":{"location":"hook.Hook.after()"}}],"type":"scenario","keyword":"Scenario Outline","steps":[{"result":{"duration":5674943800,"status":"passed"},"line":8,"name":"Welcome page is displayed","match":{"location":"stepDefinition.Search.welcome_page_is_displayed()"},"keyword":"Given "},{"result":{"duration":1087946400,"status":"passed"},"line":9,"name":"user enters \"12.02\" in search text field","match":{"arguments":[{"val":"12.02","offset":13}],"location":"stepDefinition.Search.user_enters_in_search_text_field(java.lang.String)"},"keyword":"When "},{"result":{"duration":759874300,"status":"passed"},"line":10,"name":"Search results must be displayed","match":{"location":"stepDefinition.Search.search_results_must_be_displayed()"},"keyword":"Then "}],"tags":[{"name":"@Regression"}]}],"name":"Search","description":"","id":"search","keyword":"Feature","uri":"file:src/test/java/features/Search.feature","tags":[]},{"line":1,"elements":[{"line":3,"name":"","description":"","type":"background","keyword":"Background","steps":[{"result":{"duration":5586107000,"status":"passed"},"line":4,"name":"browser is open to welecome page","match":{"location":"stepDefinition.Books.browser_is_open_to_welecome_page()"},"keyword":"Given "},{"result":{"duration":2482146700,"status":"passed"},"line":5,"name":"user is logged in","match":{"location":"stepDefinition.Books.user_is_logged_in(io.cucumber.datatable.DataTable)"},"rows":[{"cells":["qa_testuser123@gmail.com","Password@123"]}],"keyword":"When "},{"result":{"duration":1024162200,"status":"passed"},"line":7,"name":"user clicks on Book page","match":{"location":"stepDefinition.Books.user_clicks_on_book_page()"},"keyword":"And "},{"result":{"duration":17025500,"status":"passed"},"line":8,"name":"Books page is displayed","match":{"location":"stepDefinition.Books.books_page_is_displayed()"},"keyword":"And "}]},{"start_timestamp":"2024-09-03T04:54:15.498Z","before":[{"result":{"status":"passed"},"match":{"location":"hook.Hook.before()"}}],"line":10,"name":"Validate user can sort the page alphabetically","description":"","id":"books;validate-user-can-sort-the-page-alphabetically","after":[{"result":{"status":"passed"},"match":{"location":"hook.Hook.after()"}}],"type":"scenario","keyword":"Scenario","steps":[{"result":{"duration":861324000,"status":"passed"},"line":12,"name":"User chooses A-Z in sort by dropdown","match":{"location":"stepDefinition.Books.user_chooses_a_z_in_sort_by_dropdown()"},"keyword":"And "},{"result":{"duration":1018000,"status":"passed"},"line":13,"name":"page should be sorted alphabetically","match":{"location":"stepDefinition.Books.page_should_be_sorted_alphabetically()"},"keyword":"Then "}]},{"line":3,"name":"","description":"","type":"background","keyword":"Background","steps":[{"result":{"duration":4318271000,"status":"passed"},"line":4,"name":"browser is open to welecome page","match":{"location":"stepDefinition.Books.browser_is_open_to_welecome_page()"},"keyword":"Given "},{"result":{"duration":4775205400,"status":"passed"},"line":5,"name":"user is logged in","match":{"location":"stepDefinition.Books.user_is_logged_in(io.cucumber.datatable.DataTable)"},"rows":[{"cells":["qa_testuser123@gmail.com","Password@123"]}],"keyword":"When "},{"result":{"duration":844991900,"status":"passed"},"line":7,"name":"user clicks on Book page","match":{"location":"stepDefinition.Books.user_clicks_on_book_page()"},"keyword":"And "},{"result":{"duration":14366800,"status":"passed"},"line":8,"name":"Books page is displayed","match":{"location":"stepDefinition.Books.books_page_is_displayed()"},"keyword":"And "}]},{"start_timestamp":"2024-09-03T04:54:25.493Z","before":[{"result":{"duration":2004100,"status":"passed"},"match":{"location":"hook.Hook.before()"}}],"line":15,"name":"Validate user can add Computing and Internet book to cart","description":"","id":"books;validate-user-can-add-computing-and-internet-book-to-cart","after":[{"result":{"duration":997700,"status":"passed"},"match":{"location":"hook.Hook.after()"}}],"type":"scenario","keyword":"Scenario","steps":[{"result":{"duration":83780000,"status":"passed"},"line":18,"name":"user clicks on add to cart button for Computing and Internet book","match":{"location":"stepDefinition.Books.user_clicks_on_add_to_cart_button_for_computing_and_internet_book()"},"keyword":"And "},{"result":{"error_message":"java.lang.AssertionError: expected [The product has been added to your ] but found [The product has been added to your shopping cart]\r\n\tat org.testng.Assert.fail(Assert.java:99)\r\n\tat org.testng.Assert.failNotEquals(Assert.java:1037)\r\n\tat org.testng.Assert.assertEqualsImpl(Assert.java:140)\r\n\tat org.testng.Assert.assertEquals(Assert.java:122)\r\n\tat org.testng.Assert.assertEquals(Assert.java:629)\r\n\tat org.testng.Assert.assertEquals(Assert.java:639)\r\n\tat stepDefinition.Books.book_should_be_added_to_cart(Books.java:70)\r\n\tat ✽.Book should be added to cart(file:///C:/Users/RAGHAVAMMA/Git/repository4/BDDFramework/./src/test/java/features/books.feature:19)\r\n","duration":361712000,"status":"failed"},"line":19,"name":"Book should be added to cart","match":{"location":"stepDefinition.Books.book_should_be_added_to_cart()"},"keyword":"Then "}]},{"line":3,"name":"","description":"","type":"background","keyword":"Background","steps":[{"result":{"duration":6389807600,"status":"passed"},"line":4,"name":"browser is open to welecome page","match":{"location":"stepDefinition.Books.browser_is_open_to_welecome_page()"},"keyword":"Given "},{"result":{"duration":4796750700,"status":"passed"},"line":5,"name":"user is logged in","match":{"location":"stepDefinition.Books.user_is_logged_in(io.cucumber.datatable.DataTable)"},"rows":[{"cells":["qa_testuser123@gmail.com","Password@123"]}],"keyword":"When "},{"result":{"duration":1213055600,"status":"passed"},"line":7,"name":"user clicks on Book page","match":{"location":"stepDefinition.Books.user_clicks_on_book_page()"},"keyword":"And "},{"result":{"duration":10115700,"status":"passed"},"line":8,"name":"Books page is displayed","match":{"location":"stepDefinition.Books.books_page_is_displayed()"},"keyword":"And "}]},{"start_timestamp":"2024-09-03T04:54:35.914Z","before":[{"result":{"status":"passed"},"match":{"location":"hook.Hook.before()"}}],"line":22,"name":"Validate user can add Health book to cart","description":"","id":"books;validate-user-can-add-health-book-to-cart","after":[{"result":{"status":"passed"},"match":{"location":"hook.Hook.after()"}}],"type":"scenario","keyword":"Scenario","steps":[{"result":{"duration":100945500,"status":"passed"},"line":24,"name":"user clicks on add to cart button for Health book","match":{"location":"stepDefinition.Books.user_clicks_on_add_to_cart_button_for_health_book()"},"keyword":"And "},{"result":{"error_message":"java.lang.AssertionError: expected [The product has been added to your ] but found [The product has been added to your shopping cart]\r\n\tat org.testng.Assert.fail(Assert.java:99)\r\n\tat org.testng.Assert.failNotEquals(Assert.java:1037)\r\n\tat org.testng.Assert.assertEqualsImpl(Assert.java:140)\r\n\tat org.testng.Assert.assertEquals(Assert.java:122)\r\n\tat org.testng.Assert.assertEquals(Assert.java:629)\r\n\tat org.testng.Assert.assertEquals(Assert.java:639)\r\n\tat stepDefinition.Books.book_should_be_added_to_cart(Books.java:70)\r\n\tat ✽.Book should be added to cart(file:///C:/Users/RAGHAVAMMA/Git/repository4/BDDFramework/./src/test/java/features/books.feature:25)\r\n","duration":441078700,"status":"failed"},"line":25,"name":"Book should be added to cart","match":{"location":"stepDefinition.Books.book_should_be_added_to_cart()"},"keyword":"Then "}]}],"name":"Books","description":"","id":"books","keyword":"Feature","uri":"file:src/test/java/features/books.feature","tags":[]},{"line":1,"elements":[{"start_timestamp":"2024-09-03T04:54:48.872Z","before":[{"result":{"status":"passed"},"match":{"location":"hook.Hook.before()"}}],"line":3,"name":"User should be able to poll after log in","description":"","id":"community-poll;user-should-be-able-to-poll-after-log-in","after":[{"result":{"status":"passed"},"match":{"location":"hook.Hook.after()"}}],"type":"scenario","keyword":"Scenario","steps":[{"result":{"duration":12877891400,"status":"passed"},"line":5,"name":"Browser is open and URL is navigated","match":{"location":"stepDefinition.Login.browser_is_open_and_url_is_navigated()"},"keyword":"Given "},{"result":{"error_message":"io.cucumber.core.exception.CucumberException: Step [user is logged in] is defined with 1 parameters at 'stepDefinition.Books.user_is_logged_in(io.cucumber.datatable.DataTable)'.\nHowever, the gherkin step has 0 arguments.\nStep text: user is logged in\r\n\tat io.cucumber.core.runner.PickleStepDefinitionMatch.arityMismatch(PickleStepDefinitionMatch.java:83)\r\n\tat io.cucumber.core.runner.PickleStepDefinitionMatch.runStep(PickleStepDefinitionMatch.java:42)\r\n\tat io.cucumber.core.runner.ExecutionMode$1.execute(ExecutionMode.java:10)\r\n\tat io.cucumber.core.runner.TestStep.executeStep(TestStep.java:84)\r\n\tat io.cucumber.core.runner.TestStep.run(TestStep.java:56)\r\n\tat io.cucumber.core.runner.PickleStepTestStep.run(PickleStepTestStep.java:51)\r\n\tat io.cucumber.core.runner.TestCase.run(TestCase.java:84)\r\n\tat io.cucumber.core.runner.Runner.runPickle(Runner.java:75)\r\n\tat io.cucumber.testng.TestNGCucumberRunner.lambda$runScenario$1(TestNGCucumberRunner.java:132)\r\n\tat io.cucumber.core.runtime.CucumberExecutionContext.lambda$runTestCase$5(CucumberExecutionContext.java:137)\r\n\tat io.cucumber.core.runtime.RethrowingThrowableCollector.executeAndThrow(RethrowingThrowableCollector.java:23)\r\n\tat io.cucumber.core.runtime.CucumberExecutionContext.runTestCase(CucumberExecutionContext.java:137)\r\n\tat io.cucumber.testng.TestNGCucumberRunner.runScenario(TestNGCucumberRunner.java:129)\r\n\tat io.cucumber.testng.AbstractTestNGCucumberTests.runScenario(AbstractTestNGCucumberTests.java:35)\r\n\tat java.base/jdk.internal.reflect.DirectMethodHandleAccessor.invoke(DirectMethodHandleAccessor.java:103)\r\n\tat java.base/java.lang.reflect.Method.invoke(Method.java:580)\r\n\tat org.testng.internal.MethodInvocationHelper.invokeMethod(MethodInvocationHelper.java:133)\r\n\tat org.testng.internal.TestInvoker.invokeMethod(TestInvoker.java:598)\r\n\tat org.testng.internal.TestInvoker.invokeTestMethod(TestInvoker.java:173)\r\n\tat org.testng.internal.MethodRunner.runInSequence(MethodRunner.java:46)\r\n\tat org.testng.internal.TestInvoker$MethodInvocationAgent.invoke(TestInvoker.java:824)\r\n\tat org.testng.internal.TestInvoker.invokeTestMethods(TestInvoker.java:146)\r\n\tat org.testng.internal.TestMethodWorker.invokeTestMethods(TestMethodWorker.java:146)\r\n\tat org.testng.internal.TestMethodWorker.run(TestMethodWorker.java:128)\r\n\tat java.base/java.util.ArrayList.forEach(ArrayList.java:1596)\r\n\tat org.testng.TestRunner.privateRun(TestRunner.java:794)\r\n\tat org.testng.TestRunner.run(TestRunner.java:596)\r\n\tat org.testng.SuiteRunner.runTest(SuiteRunner.java:377)\r\n\tat org.testng.SuiteRunner.runSequentially(SuiteRunner.java:371)\r\n\tat org.testng.SuiteRunner.privateRun(SuiteRunner.java:332)\r\n\tat org.testng.SuiteRunner.run(SuiteRunner.java:276)\r\n\tat org.testng.SuiteRunnerWorker.runSuite(SuiteRunnerWorker.java:53)\r\n\tat org.testng.SuiteRunnerWorker.run(SuiteRunnerWorker.java:96)\r\n\tat org.testng.TestNG.runSuitesSequentially(TestNG.java:1212)\r\n\tat org.testng.TestNG.runSuitesLocally(TestNG.java:1134)\r\n\tat org.testng.TestNG.runSuites(TestNG.java:1063)\r\n\tat org.testng.TestNG.run(TestNG.java:1031)\r\n\tat org.testng.remote.AbstractRemoteTestNG.run(AbstractRemoteTestNG.java:115)\r\n\tat org.testng.remote.RemoteTestNG.initAndRun(RemoteTestNG.java:293)\r\n\tat org.testng.remote.RemoteTestNG.main(RemoteTestNG.java:91)\r\n","duration":5526200,"status":"failed"},"line":7,"name":"user is logged in","match":{"location":"stepDefinition.Books.user_is_logged_in(io.cucumber.datatable.DataTable)"},"keyword":"And "},{"result":{"status":"skipped"},"line":9,"name":"user selects an option in community poll","match":{"location":"stepDefinition.CommunityPoll.user_selects_an_option_in_community_poll()"},"keyword":"When "},{"result":{"status":"skipped"},"line":11,"name":"the option must be recorded","match":{"location":"stepDefinition.CommunityPoll.the_option_must_be_recorded()"},"keyword":"Then "}]}],"name":"Community Poll","description":"","id":"community-poll","keyword":"Feature","uri":"file:src/test/java/features/communityPoll.feature","tags":[]},{"line":1,"elements":[{"start_timestamp":"2024-09-03T04:55:01.775Z","before":[{"result":{"status":"passed"},"match":{"location":"hook.Hook.before()"}}],"line":4,"name":"","description":"Validate user is able to Login with valid credentials","id":"login;","after":[{"result":{"status":"passed"},"match":{"location":"hook.Hook.after()"}}],"type":"scenario","keyword":"Scenario","steps":[{"result":{"duration":13302785800,"status":"passed"},"line":8,"name":"Browser is open and URL is navigated","match":{"location":"stepDefinition.Login.browser_is_open_and_url_is_navigated()"},"keyword":"Given "},{"result":{"duration":1303504000,"status":"passed"},"line":9,"name":"Login page is dispalyed","match":{"location":"stepDefinition.Login.login_page_is_dispalyed()"},"keyword":"And "},{"result":{"duration":425250000,"status":"passed"},"line":10,"name":"user enters valid username and valid password","match":{"location":"stepDefinition.Login.user_enters_valid_username_and_valid_password()"},"keyword":"When "},{"result":{"duration":2439171900,"status":"passed"},"line":11,"name":"user click on login button","match":{"location":"stepDefinition.Login.user_click_on_login_button()"},"keyword":"And "},{"result":{"duration":89041200,"status":"passed"},"line":12,"name":"user should be successfully logged in","match":{"location":"stepDefinition.Login.user_should_be_successfully_logged_in()"},"keyword":"Then "},{"result":{"duration":291650700,"status":"passed"},"line":13,"name":"browser should be close","match":{"location":"stepDefinition.Login.browser_should_be_close()"},"keyword":"And "}],"tags":[{"name":"@Smoke"},{"name":"@Regression"}]}],"name":"Login","description":"","id":"login","keyword":"Feature","uri":"file:src/test/java/features/login.feature","tags":[]},{"line":1,"elements":[{"start_timestamp":"2024-09-03T04:55:19.648Z","before":[{"result":{"status":"passed"},"match":{"location":"hook.Hook.before()"}}],"line":3,"name":"","description":"User should be able to register using valid credentials","id":"register;","after":[{"result":{"status":"passed"},"match":{"location":"hook.Hook.after()"}}],"type":"scenario","keyword":"Scenario","steps":[{"result":{"duration":8542532000,"status":"passed"},"line":6,"name":"Browser is open and URL is navigated to register page","match":{"location":"stepDefinition.Register.browser_is_open_and_url_is_navigated_to_register_page()"},"keyword":"Given "},{"result":{"duration":652799600,"status":"passed"},"line":7,"name":"register page is dispalyed","match":{"location":"stepDefinition.Register.register_page_is_dispalyed()"},"keyword":"And "},{"result":{"duration":1076368300,"status":"passed"},"line":8,"name":"user  enters valid credentials","match":{"location":"stepDefinition.Register.user_enters_valid_credentials(io.cucumber.datatable.DataTable)"},"rows":[{"cells":["F","Test","manualtest","qs_manualtest@gmail.com","Password@123"]}],"keyword":"When "},{"result":{"duration":848532400,"status":"passed"},"line":10,"name":"clicks on register button","match":{"location":"stepDefinition.Register.clicks_on_register_button()"},"keyword":"And "},{"result":{"error_message":"org.openqa.selenium.NoSuchElementException: no such element: Unable to locate element: {\"method\":\"xpath\",\"selector\":\"//div[@class='result']\"}\n  (Session info: chrome=128.0.6613.114)\nFor documentation on this error, please visit: https://www.selenium.dev/documentation/webdriver/troubleshooting/errors#no-such-element-exception\nBuild info: version: '4.12.0', revision: '249f2a7d1b*'\nSystem info: os.name: 'Windows 11', os.arch: 'amd64', os.version: '10.0', java.version: '21.0.1'\nDriver info: org.openqa.selenium.chrome.ChromeDriver\nCommand: [c0cd6744c2d9787b295f31614a285916, findElement {using=xpath, value=//div[@class='result']}]\nCapabilities {acceptInsecureCerts: false, browserName: chrome, browserVersion: 128.0.6613.114, chrome: {chromedriverVersion: 128.0.6613.119 (6e439cfca4d..., userDataDir: C:\\Users\\RAGHAV~1\\AppData\\L...}, fedcm:accounts: true, goog:chromeOptions: {debuggerAddress: localhost:63780}, networkConnectionEnabled: false, pageLoadStrategy: normal, platformName: windows, proxy: Proxy(), se:cdp: ws://localhost:63780/devtoo..., se:cdpVersion: 128.0.6613.114, setWindowRect: true, strictFileInteractability: false, timeouts: {implicit: 0, pageLoad: 300000, script: 30000}, unhandledPromptBehavior: dismiss and notify, webauthn:extension:credBlob: true, webauthn:extension:largeBlob: true, webauthn:extension:minPinLength: true, webauthn:extension:prf: true, webauthn:virtualAuthenticators: true}\nSession ID: c0cd6744c2d9787b295f31614a285916\r\n\tat java.base/jdk.internal.reflect.DirectConstructorHandleAccessor.newInstance(DirectConstructorHandleAccessor.java:62)\r\n\tat java.base/java.lang.reflect.Constructor.newInstanceWithCaller(Constructor.java:502)\r\n\tat java.base/java.lang.reflect.Constructor.newInstance(Constructor.java:486)\r\n\tat org.openqa.selenium.remote.codec.w3c.W3CHttpResponseCodec.createException(W3CHttpResponseCodec.java:200)\r\n\tat org.openqa.selenium.remote.codec.w3c.W3CHttpResponseCodec.decode(W3CHttpResponseCodec.java:133)\r\n\tat org.openqa.selenium.remote.codec.w3c.W3CHttpResponseCodec.decode(W3CHttpResponseCodec.java:52)\r\n\tat org.openqa.selenium.remote.HttpCommandExecutor.execute(HttpCommandExecutor.java:191)\r\n\tat org.openqa.selenium.remote.service.DriverCommandExecutor.invokeExecute(DriverCommandExecutor.java:196)\r\n\tat org.openqa.selenium.remote.service.DriverCommandExecutor.execute(DriverCommandExecutor.java:171)\r\n\tat org.openqa.selenium.remote.RemoteWebDriver.execute(RemoteWebDriver.java:602)\r\n\tat org.openqa.selenium.remote.ElementLocation$ElementFinder$2.findElement(ElementLocation.java:165)\r\n\tat org.openqa.selenium.remote.ElementLocation.findElement(ElementLocation.java:59)\r\n\tat org.openqa.selenium.remote.RemoteWebDriver.findElement(RemoteWebDriver.java:359)\r\n\tat org.openqa.selenium.remote.RemoteWebDriver.findElement(RemoteWebDriver.java:353)\r\n\tat stepDefinition.Register.a_new_account_should_be_created(Register.java:59)\r\n\tat ✽.a new account should be created(file:///C:/Users/RAGHAVAMMA/Git/repository4/BDDFramework/./src/test/java/features/register.feature:11)\r\n","duration":10054567800,"status":"failed"},"line":11,"name":"a new account should be created","match":{"location":"stepDefinition.Register.a_new_account_should_be_created()"},"keyword":"Then "},{"result":{"status":"skipped"},"line":12,"name":"browser must be closed","match":{"location":"stepDefinition.Register.browser_must_be_closed()"},"keyword":"And "}],"tags":[{"name":"@Smoke"},{"name":"@Regression"}]}],"name":"Register","description":"","id":"register","keyword":"Feature","uri":"file:src/test/java/features/register.feature","tags":[]},{"line":1,"elements":[{"start_timestamp":"2024-09-03T04:55:40.838Z","before":[{"result":{"duration":997200,"status":"passed"},"match":{"location":"hook.Hook.before()"}}],"line":3,"name":"User should be able to subscribe to news letter using valid email id","description":"","id":"subscribe;user-should-be-able-to-subscribe-to-news-letter-using-valid-email-id","after":[{"result":{"status":"passed"},"match":{"location":"hook.Hook.after()"}}],"type":"scenario","keyword":"Scenario","steps":[{"result":{"duration":7923579200,"status":"passed"},"line":5,"name":"Browser is open and URL is navigated","match":{"location":"stepDefinition.Login.browser_is_open_and_url_is_navigated()"},"keyword":"Given "},{"result":{"error_message":"io.cucumber.java.PendingException: TODO: implement me\r\n\tat stepDefinition.Subscribe.user_enters_valid_email_id_and_clicks_on_subscribe_button(Subscribe.java:10)\r\n\tat ✽.user enters valid email id and clicks on subscribe button(file:///C:/Users/RAGHAVAMMA/Git/repository4/BDDFramework/./src/test/java/features/subscribe.feature:7)\r\n","duration":5970000,"status":"pending"},"line":7,"name":"user enters valid email id and clicks on subscribe button","match":{"location":"stepDefinition.Subscribe.user_enters_valid_email_id_and_clicks_on_subscribe_button()"},"keyword":"When "},{"result":{"status":"skipped"},"line":9,"name":"user should be able to successfully subscribe","match":{"location":"stepDefinition.Subscribe.user_should_be_able_to_successfully_subscribe()"},"keyword":"Then "}]}],"name":"Subscribe","description":"","id":"subscribe","keyword":"Feature","uri":"file:src/test/java/features/subscribe.feature","tags":[]}]